2020-04-16 14:48:24 - ERROR - QueryException in /home/koladev/projects/covid/covid-africa-api/bootstrap/start.py on line 38
2020-04-16 19:12:15 - ERROR - QueryException in /home/koladev/projects/covid/covid-africa-api/app/resources/CountryResource.py on line 13
2020-04-16 19:13:31 - ERROR - QueryException in /home/koladev/projects/covid/covid-africa-api/app/resources/CountryResource.py on line 13
2020-04-16 19:14:20 - ERROR - QueryException in /home/koladev/projects/covid/covid-africa-api/app/resources/CountryResource.py on line 13
2020-04-16 19:15:47 - ERROR - QueryException in /home/koladev/projects/covid/covid-africa-api/app/resources/CountryResource.py on line 13
2020-04-16 19:51:49 - ERROR - ContainerError in /home/koladev/projects/covid/covid-africa-api/bootstrap/start.py on line 38
2020-04-16 19:56:49 - ERROR - ArgumentError in /home/koladev/projects/covid/covid-africa-api/app/resources/CountryResource.py on line 13
2020-04-16 20:04:54 - ERROR - AttributeError in /home/koladev/projects/covid/covid-africa-api/app/resources/CountryResource.py on line 13
2020-04-16 20:06:10 - ERROR - AttributeError in /home/koladev/projects/covid/covid-africa-api/app/resources/CountryResource.py on line 13
2020-04-16 20:09:55 - ERROR - QueryException in /home/koladev/projects/covid/covid-africa-api/app/resources/CountryResource.py on line 13
2020-04-16 20:10:54 - ERROR - ContainerError in /home/koladev/projects/covid/covid-africa-api/bootstrap/start.py on line 38
2020-04-16 20:12:33 - ERROR - ContainerError in /home/koladev/projects/covid/covid-africa-api/bootstrap/start.py on line 38
2020-04-16 20:13:14 - ERROR - ContainerError in /home/koladev/projects/covid/covid-africa-api/bootstrap/start.py on line 38
2020-04-16 20:14:01 - ERROR - ContainerError in /home/koladev/projects/covid/covid-africa-api/bootstrap/start.py on line 38
2020-04-16 20:14:04 - ERROR - ContainerError in /home/koladev/projects/covid/covid-africa-api/bootstrap/start.py on line 38
2020-04-16 20:17:48 - ERROR - ContainerError in /home/koladev/projects/covid/covid-africa-api/bootstrap/start.py on line 38
2020-04-16 20:24:12 - ERROR - ContainerError in /home/koladev/projects/covid/covid-africa-api/bootstrap/start.py on line 38
2020-04-17 12:49:01 - ERROR - AttributeError in /home/koladev/projects/covid/covid-africa-api/app/http/controllers/AfricaCountryController.py on line 25
2020-04-24 13:08:10 - ERROR - SyntaxError in /home/koladev/projects/covid/covid-africa-api/bootstrap/start.py on line 38
2020-04-24 13:08:48 - ERROR - AttributeError in /home/koladev/projects/covid/covid-africa-api/app/http/controllers/AfricaDataController.py on line 25
2020-04-24 13:11:51 - ERROR - AttributeError in /home/koladev/projects/covid/covid-africa-api/app/http/controllers/AfricaDataController.py on line 28
2020-04-24 13:16:15 - ERROR - AttributeError in /home/koladev/projects/covid/covid-africa-api/app/http/controllers/AfricaDataController.py on line 28
2020-07-16 13:29:06 - ERROR - AttributeError in /home/koladev/projects/covid/covid-africa-api/app/http/controllers/WelcomeController.py on line 22
2020-07-16 13:30:13 - ERROR - TemplateNotFound in /home/koladev/projects/covid/covid-africa-api/app/http/controllers/WelcomeController.py on line 22
2020-07-16 13:32:13 - ERROR - ContainerError in /home/koladev/projects/covid/covid-africa-api/bootstrap/start.py on line 38
